<?xml version="1.0" encoding="UTF-8"?>
<testsuites>
  <testsuite name="Demo Nop Commerce Registration" timestamp="2023-02-25T11:19:27" time="3.843" tests="2" failures="0" errors="0" skipped="0">
    <properties>
      <property name="specId" value="0"/>
      <property name="suiteName" value="Demo Nop Commerce Registration"/>
      <property name="capabilities" value="chrome.110_0_5481_177.macosx"/>
      <property name="file" value="file://./specs/testsuite.e2e.js"/>
    </properties>
    <testcase classname="chrome.110_0_5481_177.macosx.Demo_Nop_Commerce_Registration" name="should open the correct website" time="1.3">
      <system-out><![CDATA[
COMMAND: POST /session/6fcbac3c15f87ff4b8c7842d2bdd3469/url - {"url":"https://demo.nopcommerce.com/"}
RESULT: {"url":"https://demo.nopcommerce.com/"}
]]></system-out>
    </testcase>
    <testcase classname="chrome.110_0_5481_177.macosx.Demo_Nop_Commerce_Registration" name="should be able to register an account successfully" time="2.531">
      <system-out><![CDATA[
COMMAND: POST /session/6fcbac3c15f87ff4b8c7842d2bdd3469/element - {"using":"css selector","value":".ico-register"}
RESULT: {"using":"css selector","value":".ico-register"}
COMMAND: POST /session/6fcbac3c15f87ff4b8c7842d2bdd3469/element/5195ad5d-291f-4074-b90a-42c2015ae6a9/click - {}
RESULT: {}
COMMAND: POST /session/6fcbac3c15f87ff4b8c7842d2bdd3469/element - {"using":"css selector","value":"#gender-male"}
RESULT: {"using":"css selector","value":"#gender-male"}
COMMAND: POST /session/6fcbac3c15f87ff4b8c7842d2bdd3469/element/451edd72-ecdc-4ea0-ac95-d6f2319f860c/click - {}
RESULT: {}
COMMAND: POST /session/6fcbac3c15f87ff4b8c7842d2bdd3469/element - {"using":"css selector","value":"#FirstName"}
RESULT: {"using":"css selector","value":"#FirstName"}
COMMAND: POST /session/6fcbac3c15f87ff4b8c7842d2bdd3469/element/2f6b3e09-eadc-405a-9490-ade1b3e2d506/clear - {}
RESULT: {}
COMMAND: POST /session/6fcbac3c15f87ff4b8c7842d2bdd3469/element/2f6b3e09-eadc-405a-9490-ade1b3e2d506/value - {"text":"Naman"}
RESULT: {"text":"Naman"}
COMMAND: POST /session/6fcbac3c15f87ff4b8c7842d2bdd3469/element - {"using":"css selector","value":"#LastName"}
RESULT: {"using":"css selector","value":"#LastName"}
COMMAND: POST /session/6fcbac3c15f87ff4b8c7842d2bdd3469/element/e7587838-1347-4e95-9aed-2d8e9efc3923/clear - {}
RESULT: {}
COMMAND: POST /session/6fcbac3c15f87ff4b8c7842d2bdd3469/element/e7587838-1347-4e95-9aed-2d8e9efc3923/value - {"text":"Upadhyay"}
RESULT: {"text":"Upadhyay"}
COMMAND: POST /session/6fcbac3c15f87ff4b8c7842d2bdd3469/element - {"using":"xpath","value":"//select[@name=\"DateOfBirthDay\"]"}
RESULT: {"using":"xpath","value":"//select[@name=\"DateOfBirthDay\"]"}
COMMAND: POST /session/6fcbac3c15f87ff4b8c7842d2bdd3469/element/6568978b-a84e-4f44-9813-f26888a10fa6/elements - {"using":"css selector","value":"option"}
RESULT: {"using":"css selector","value":"option"}
COMMAND: POST /session/6fcbac3c15f87ff4b8c7842d2bdd3469/element/bb29930e-724f-406e-8c2f-0eb273716dd1/click - {}
RESULT: {}
COMMAND: POST /session/6fcbac3c15f87ff4b8c7842d2bdd3469/element - {"using":"xpath","value":"//select[@name=\"DateOfBirthMonth\"]"}
RESULT: {"using":"xpath","value":"//select[@name=\"DateOfBirthMonth\"]"}
COMMAND: POST /session/6fcbac3c15f87ff4b8c7842d2bdd3469/element/f94f461c-324a-448c-a75a-c00a36b4644d/elements - {"using":"css selector","value":"option"}
RESULT: {"using":"css selector","value":"option"}
COMMAND: POST /session/6fcbac3c15f87ff4b8c7842d2bdd3469/element/5519d6ce-a86b-4a94-8942-4526ade5643d/click - {}
RESULT: {}
COMMAND: POST /session/6fcbac3c15f87ff4b8c7842d2bdd3469/element - {"using":"xpath","value":"//select[@name=\"DateOfBirthYear\"]"}
RESULT: {"using":"xpath","value":"//select[@name=\"DateOfBirthYear\"]"}
COMMAND: POST /session/6fcbac3c15f87ff4b8c7842d2bdd3469/element/a651113b-054e-440e-9cec-d6a6b214b9e7/element - {"using":"xpath","value":"./option[. = \"2002\"]|./option[normalize-space(text()) = \"2002\"]|./optgroup/option[. = \"2002\"]|./optgroup/option[normalize-space(text()) = \"2002\"]"}
RESULT: {"using":"xpath","value":"./option[. = \"2002\"]|./option[normalize-space(text()) = \"2002\"]|./optgroup/option[. = \"2002\"]|./optgroup/option[normalize-space(text()) = \"2002\"]"}
COMMAND: POST /session/6fcbac3c15f87ff4b8c7842d2bdd3469/element/5f286dbc-f5c6-496f-8e8c-21ea6530d20f/click - {}
RESULT: {}
COMMAND: POST /session/6fcbac3c15f87ff4b8c7842d2bdd3469/element - {"using":"css selector","value":"#Email"}
RESULT: {"using":"css selector","value":"#Email"}
COMMAND: POST /session/6fcbac3c15f87ff4b8c7842d2bdd3469/element/5d2375c6-1ad6-43a1-859e-48223af5bd85/clear - {}
RESULT: {}
COMMAND: POST /session/6fcbac3c15f87ff4b8c7842d2bdd3469/element/5d2375c6-1ad6-43a1-859e-48223af5bd85/value - {"text":"namanfusion1677304167043@gmail.com"}
RESULT: {"text":"namanfusion1677304167043@gmail.com"}
COMMAND: POST /session/6fcbac3c15f87ff4b8c7842d2bdd3469/element - {"using":"css selector","value":"#Password"}
RESULT: {"using":"css selector","value":"#Password"}
COMMAND: POST /session/6fcbac3c15f87ff4b8c7842d2bdd3469/element/94658dd9-4e60-43b8-8384-0fd25db37652/clear - {}
RESULT: {}
COMMAND: POST /session/6fcbac3c15f87ff4b8c7842d2bdd3469/element/94658dd9-4e60-43b8-8384-0fd25db37652/value - {"text":"password123"}
RESULT: {"text":"password123"}
COMMAND: POST /session/6fcbac3c15f87ff4b8c7842d2bdd3469/element - {"using":"css selector","value":"#ConfirmPassword"}
RESULT: {"using":"css selector","value":"#ConfirmPassword"}
COMMAND: POST /session/6fcbac3c15f87ff4b8c7842d2bdd3469/element/c161211f-4411-44cc-a883-5926323773d7/clear - {}
RESULT: {}
COMMAND: POST /session/6fcbac3c15f87ff4b8c7842d2bdd3469/element/c161211f-4411-44cc-a883-5926323773d7/value - {"text":"password123"}
RESULT: {"text":"password123"}
COMMAND: POST /session/6fcbac3c15f87ff4b8c7842d2bdd3469/element - {"using":"css selector","value":"#register-button"}
RESULT: {"using":"css selector","value":"#register-button"}
COMMAND: POST /session/6fcbac3c15f87ff4b8c7842d2bdd3469/element/59ea768e-ad22-400f-b991-0c6944a44b7d/click - {}
RESULT: {}
COMMAND: DELETE /session/6fcbac3c15f87ff4b8c7842d2bdd3469 - {}
RESULT: {}
]]></system-out>
    </testcase>
  </testsuite>
</testsuites>